<?xml version="1.0" encoding="UTF-8"?>
<!-- Generated by org.testng.reporters.JUnitReportReporter -->
<testsuite hostname="MGalal-LT" failures="0" tests="2" name="binance.BinanceTestCases" time="20.998" errors="0" timestamp="31 Dec 2019 13:43:30 GMT">
  <testcase classname="binance.BinanceTestCases" name="SecondEndToEnd" time="1.155"/>
  <testcase classname="binance.BinanceTestCases" name="firstEndToEnd" time="19.843"/>
</testsuite> <!-- binance.BinanceTestCases -->
