<?xml version="1.0" encoding="UTF-8"?>
<!-- Generated by org.testng.reporters.JUnitReportReporter -->
<testsuite hostname="ca-m-atef" name="RegisteringNewCustomer.RegisterCustomerTestCases" tests="16" failures="0" timestamp="12 Nov 2019 17:54:06 GMT" time="67.246" errors="0">
  <testcase name="registerationWithFiftyOneCharchtersPassword" time="5.592" classname="RegisteringNewCustomer.RegisterCustomerTestCases"/>
  <testcase name="registerationWithPasswordSimilarToEmail" time="4.937" classname="RegisteringNewCustomer.RegisterCustomerTestCases"/>
  <testcase name="registerationWithOnlyNumbersPassword" time="4.841" classname="RegisteringNewCustomer.RegisterCustomerTestCases"/>
  <testcase name="createNewUserButton" time="2.223" classname="RegisteringNewCustomer.RegisterCustomerTestCases"/>
  <testcase name="registerationWithOnlyLettersPassword" time="5.341" classname="RegisteringNewCustomer.RegisterCustomerTestCases"/>
  <testcase name="registerationWithNotEmailString" time="2.233" classname="RegisteringNewCustomer.RegisterCustomerTestCases"/>
  <testcase name="registerationWithEmptyPasswordConfirmationField" time="2.124" classname="RegisteringNewCustomer.RegisterCustomerTestCases"/>
  <testcase name="registerationWithEmptyPasswordAndEmptyConfirmation" time="2.269" classname="RegisteringNewCustomer.RegisterCustomerTestCases"/>
  <testcase name="registerationHappyPath" time="11.480" classname="RegisteringNewCustomer.RegisterCustomerTestCases"/>
  <testcase name="registerationWithFiveCharchtersPassword" time="2.619" classname="RegisteringNewCustomer.RegisterCustomerTestCases"/>
  <testcase name="registerationWithPreviouslyUsedEmail" time="4.622" classname="RegisteringNewCustomer.RegisterCustomerTestCases"/>
  <testcase name="registerationWithEmptyEmailField" time="2.038" classname="RegisteringNewCustomer.RegisterCustomerTestCases"/>
  <testcase name="registerationTermsOfUseAndPrivacy" time="4.753" classname="RegisteringNewCustomer.RegisterCustomerTestCases"/>
  <testcase name="registerationWithOnlySpecialCharchtersPassword" time="4.937" classname="RegisteringNewCustomer.RegisterCustomerTestCases"/>
  <testcase name="registerationWithEasyToGuessPassword" time="4.872" classname="RegisteringNewCustomer.RegisterCustomerTestCases"/>
  <testcase name="registerationWithEmptyPassword" time="2.365" classname="RegisteringNewCustomer.RegisterCustomerTestCases"/>
</testsuite> <!-- RegisteringNewCustomer.RegisterCustomerTestCases -->
