<?xml version="1.0" encoding="UTF-8"?>
<!-- Generated by org.testng.reporters.JUnitReportReporter -->
<testsuite hostname="ca-m-atef" name="TravelSearch.TravelSearchTestCases" tests="1" failures="0" timestamp="12 Nov 2019 17:54:06 GMT" time="15.509" errors="0">
  <testcase name="searchForFlight" time="15.509" classname="TravelSearch.TravelSearchTestCases"/>
</testsuite> <!-- TravelSearch.TravelSearchTestCases -->
